<?xml version="1.0" encoding="UTF-8"?>
<!-- Generated by org.testng.reporters.JUnitReportReporter -->
<testsuite hostname="DESKTOP-CJGS9IU" failures="1" tests="1" name="TestRunner.Run" time="32.587" errors="0" timestamp="2023-09-18T21:50:31 IST" skipped="0">
  <testcase classname="TestRunner.Run" name="runScenario" time="32.587">
    <failure type="java.lang.AssertionError">
      <![CDATA[java.lang.AssertionError
at org.junit.Assert.fail(Assert.java:86)
at org.junit.Assert.assertTrue(Assert.java:41)
at org.junit.Assert.assertTrue(Assert.java:52)
at StepDefination.StepDef.page_title_should_be(StepDef.java:93)
at ✽.Page Title should be "Your store. Login1"(file:///F:/Projects/my%20projects/BDDFramework-master/BDDFramework-master/./Features/LoginFeature.feature:11)
]]>
    </failure>
  </testcase> <!-- runScenario -->
  <system-out/>
</testsuite> <!-- TestRunner.Run -->
